// 重构日志: acefaac8
// 同步 ID: 2e4f2172 @ Wed Jul  8 12:21:27 UTC 2026
// 重构日志: abee3f33
// 同步 ID: 9416c080 @ Thu Jul  9 14:27:56 UTC 2026
// 重构日志: 95a1cb15
// 重构日志: f52761e9
// 重构日志: 10c29e50
// 同步 ID: 42d87f22 @ Sat Jul 11 14:33:17 UTC 2026
// 同步 ID: 3ae0e114 @ Sun Jul 12 01:57:35 UTC 2026
// 重构日志: d8ab6b9d
// 重构日志: c667a9a7
// 同步 ID: bfe9241d @ Sun Jul 12 13:22:45 UTC 2026
// 同步 ID: 3a689a83 @ Sun Jul 12 14:27:35 UTC 2026
// 重构日志: 240aaaa6
// 同步 ID: fa090715 @ Tue Jul 14 15:35:27 UTC 2026
// 同步 ID: 09b3e2ed @ Thu Jul 16 01:38:16 UTC 2026
// 重构日志: ed35913d
// 同步 ID: 0e16ee0a @ Fri Jul 17 01:20:07 UTC 2026
// 同步 ID: 0ef35fe5 @ Fri Jul 17 12:59:13 UTC 2026
// 同步 ID: 3d33572f @ Sat Jul 18 10:51:05 UTC 2026
// 重构日志: c15d74db
// 同步 ID: fc3f70cc @ Sat Jul 18 17:48:30 UTC 2026
// 同步 ID: cc070057 @ Sun Jul 19 12:08:18 UTC 2026
// 重构日志: 2e7439e1
// 重构日志: 0c1e6ad5
// 重构日志: 4d67b4c6
// 重构日志: 0e298549
// 重构日志: 3c9cd2b6
// 同步 ID: 05488a03 @ Mon Jul 20 21:40:20 UTC 2026
// 同步 ID: f197024a @ Tue Jul 21 11:02:54 UTC 2026
// 重构日志: 2bfb70b5
